[0.703s] Invoking command in '/home/denis/ros2_ws_turtle2/src/turtle_control': PYTHONPATH=/home/denis/ros2_ws_turtle2/build/turtle_control/prefix_override:/usr/lib/python3/dist-packages/colcon_core/task/python/colcon_distutils_commands:/home/denis/ros2_ws_turtle2/install/turtle_control/lib/python3.10/site-packages:${PYTHONPATH} /usr/bin/python3 -W ignore:setup.py install is deprecated -W ignore:easy_install command is deprecated setup.py egg_info --egg-base ../../build/turtle_control build --build-base /home/denis/ros2_ws_turtle2/build/turtle_control/build install --record /home/denis/ros2_ws_turtle2/build/turtle_control/install.log --single-version-externally-managed install_data
[0.931s] running egg_info
[0.931s] writing ../../build/turtle_control/turtle_control.egg-info/PKG-INFO
[0.933s] writing dependency_links to ../../build/turtle_control/turtle_control.egg-info/dependency_links.txt
[0.933s] writing entry points to ../../build/turtle_control/turtle_control.egg-info/entry_points.txt
[0.933s] writing requirements to ../../build/turtle_control/turtle_control.egg-info/requires.txt
[0.933s] writing top-level names to ../../build/turtle_control/turtle_control.egg-info/top_level.txt
[0.935s] reading manifest file '../../build/turtle_control/turtle_control.egg-info/SOURCES.txt'
[0.935s] adding license file 'LICENSE'
[0.936s] writing manifest file '../../build/turtle_control/turtle_control.egg-info/SOURCES.txt'
[0.936s] running build
[0.936s] running build_py
[0.937s] copying turtle_control/turtle_control_teste.py -> /home/denis/ros2_ws_turtle2/build/turtle_control/build/lib/turtle_control
[0.937s] copying turtle_control/turtle_control.py -> /home/denis/ros2_ws_turtle2/build/turtle_control/build/lib/turtle_control
[0.938s] running install
[0.938s] running install_lib
[0.939s] copying /home/denis/ros2_ws_turtle2/build/turtle_control/build/lib/turtle_control/turtle_control_teste.py -> /home/denis/ros2_ws_turtle2/install/turtle_control/lib/python3.10/site-packages/turtle_control
[0.939s] copying /home/denis/ros2_ws_turtle2/build/turtle_control/build/lib/turtle_control/turtle_control.py -> /home/denis/ros2_ws_turtle2/install/turtle_control/lib/python3.10/site-packages/turtle_control
[0.940s] byte-compiling /home/denis/ros2_ws_turtle2/install/turtle_control/lib/python3.10/site-packages/turtle_control/turtle_control_teste.py to turtle_control_teste.cpython-310.pyc
[0.942s] byte-compiling /home/denis/ros2_ws_turtle2/install/turtle_control/lib/python3.10/site-packages/turtle_control/turtle_control.py to turtle_control.cpython-310.pyc
[0.944s] running install_data
[0.945s] running install_egg_info
[0.946s] removing '/home/denis/ros2_ws_turtle2/install/turtle_control/lib/python3.10/site-packages/turtle_control-0.0.0-py3.10.egg-info' (and everything under it)
[0.947s] Copying ../../build/turtle_control/turtle_control.egg-info to /home/denis/ros2_ws_turtle2/install/turtle_control/lib/python3.10/site-packages/turtle_control-0.0.0-py3.10.egg-info
[0.947s] running install_scripts
[0.967s] Installing turtle_control script to /home/denis/ros2_ws_turtle2/install/turtle_control/lib/turtle_control
[0.967s] writing list of installed files to '/home/denis/ros2_ws_turtle2/build/turtle_control/install.log'
[0.988s] Invoked command in '/home/denis/ros2_ws_turtle2/src/turtle_control' returned '0': PYTHONPATH=/home/denis/ros2_ws_turtle2/build/turtle_control/prefix_override:/usr/lib/python3/dist-packages/colcon_core/task/python/colcon_distutils_commands:/home/denis/ros2_ws_turtle2/install/turtle_control/lib/python3.10/site-packages:${PYTHONPATH} /usr/bin/python3 -W ignore:setup.py install is deprecated -W ignore:easy_install command is deprecated setup.py egg_info --egg-base ../../build/turtle_control build --build-base /home/denis/ros2_ws_turtle2/build/turtle_control/build install --record /home/denis/ros2_ws_turtle2/build/turtle_control/install.log --single-version-externally-managed install_data
