[0.661s] Invoking command in '/home/denis/ros2_ws_turtle2/src/turtle_control': PYTHONPATH=/home/denis/ros2_ws_turtle2/build/turtle_control/prefix_override:/usr/lib/python3/dist-packages/colcon_core/task/python/colcon_distutils_commands:/home/denis/ros2_ws_turtle2/install/turtle_control/lib/python3.10/site-packages:${PYTHONPATH} /usr/bin/python3 -W ignore:setup.py install is deprecated -W ignore:easy_install command is deprecated setup.py egg_info --egg-base ../../build/turtle_control build --build-base /home/denis/ros2_ws_turtle2/build/turtle_control/build install --record /home/denis/ros2_ws_turtle2/build/turtle_control/install.log --single-version-externally-managed install_data
[0.901s] running egg_info
[0.902s] writing ../../build/turtle_control/turtle_control.egg-info/PKG-INFO
[0.906s] writing dependency_links to ../../build/turtle_control/turtle_control.egg-info/dependency_links.txt
[0.907s] writing entry points to ../../build/turtle_control/turtle_control.egg-info/entry_points.txt
[0.907s] writing requirements to ../../build/turtle_control/turtle_control.egg-info/requires.txt
[0.907s] writing top-level names to ../../build/turtle_control/turtle_control.egg-info/top_level.txt
[0.908s] reading manifest file '../../build/turtle_control/turtle_control.egg-info/SOURCES.txt'
[0.918s] adding license file 'LICENSE'
[0.919s] writing manifest file '../../build/turtle_control/turtle_control.egg-info/SOURCES.txt'
[0.919s] running build
[0.919s] running build_py
[0.920s] running install
[0.920s] running install_lib
[0.922s] running install_data
[0.923s] running install_egg_info
[0.924s] removing '/home/denis/ros2_ws_turtle2/install/turtle_control/lib/python3.10/site-packages/turtle_control-0.0.0-py3.10.egg-info' (and everything under it)
[0.925s] Copying ../../build/turtle_control/turtle_control.egg-info to /home/denis/ros2_ws_turtle2/install/turtle_control/lib/python3.10/site-packages/turtle_control-0.0.0-py3.10.egg-info
[0.926s] running install_scripts
[0.947s] Installing turtle_control script to /home/denis/ros2_ws_turtle2/install/turtle_control/lib/turtle_control
[0.948s] writing list of installed files to '/home/denis/ros2_ws_turtle2/build/turtle_control/install.log'
[0.973s] Invoked command in '/home/denis/ros2_ws_turtle2/src/turtle_control' returned '0': PYTHONPATH=/home/denis/ros2_ws_turtle2/build/turtle_control/prefix_override:/usr/lib/python3/dist-packages/colcon_core/task/python/colcon_distutils_commands:/home/denis/ros2_ws_turtle2/install/turtle_control/lib/python3.10/site-packages:${PYTHONPATH} /usr/bin/python3 -W ignore:setup.py install is deprecated -W ignore:easy_install command is deprecated setup.py egg_info --egg-base ../../build/turtle_control build --build-base /home/denis/ros2_ws_turtle2/build/turtle_control/build install --record /home/denis/ros2_ws_turtle2/build/turtle_control/install.log --single-version-externally-managed install_data
